{
  "RSpec": {
    "coverage": {
      "/Users/tore/Desktop/paramiver/app/models/user.rb": [
        1,
        1,
        1,
        null,
        null,
        null,
        1,
        null,
        null,
        null,
        1,
        null,
        1,
        0,
        null,
        1,
        54,
        null,
        null
      ],
      "/Users/tore/Desktop/paramiver/app/controllers/application_controller.rb": [
        1,
        1,
        null
      ],
      "/Users/tore/Desktop/paramiver/app/helpers/application_helper.rb": [
        1,
        null
      ],
      "/Users/tore/Desktop/paramiver/app/helpers/authentications_helper.rb": [
        1,
        null
      ],
      "/Users/tore/Desktop/paramiver/app/helpers/credits_helper.rb": [
        1,
        null
      ],
      "/Users/tore/Desktop/paramiver/app/helpers/friends_helper.rb": [
        1,
        null
      ],
      "/Users/tore/Desktop/paramiver/app/helpers/home_helper.rb": [
        1,
        null
      ],
      "/Users/tore/Desktop/paramiver/app/helpers/mailsender_helper.rb": [
        1,
        null
      ],
      "/Users/tore/Desktop/paramiver/app/helpers/registrations_helper.rb": [
        1,
        null
      ],
      "/Users/tore/Desktop/paramiver/app/helpers/social_helper.rb": [
        1,
        null
      ],
      "/Users/tore/Desktop/paramiver/app/controllers/authentications_controller.rb": [
        1,
        1,
        0,
        null,
        null,
        1,
        0,
        0,
        0,
        0,
        0,
        0,
        0,
        0,
        0,
        0,
        null,
        0,
        0,
        0,
        null,
        null,
        0,
        0,
        0,
        null,
        0,
        null,
        0,
        0,
        null,
        0,
        0,
        0,
        null,
        0,
        0,
        0,
        null,
        null,
        0,
        0,
        0,
        0,
        null,
        0,
        0,
        null,
        null,
        null,
        1,
        0,
        0,
        0,
        null,
        null,
        null
      ],
      "/Users/tore/Desktop/paramiver/app/models/authentication.rb": [
        1,
        1,
        1,
        1,
        0,
        0,
        0,
        0,
        null,
        null,
        null
      ],
      "/Users/tore/Desktop/paramiver/app/controllers/credits_controller.rb": [
        1,
        1,
        null,
        null,
        1,
        null,
        1,
        null,
        null,
        1,
        1,
        1,
        null,
        null,
        null,
        null,
        null,
        1,
        null,
        1,
        1,
        1,
        1,
        1,
        null,
        null,
        null,
        null,
        null,
        1,
        2,
        null,
        2,
        2,
        2,
        null,
        null,
        null,
        null,
        1,
        1,
        1,
        null,
        null,
        null,
        null,
        1,
        7,
        7,
        7,
        7,
        14,
        7,
        null,
        0,
        0,
        null,
        null,
        null,
        null,
        null,
        null,
        1,
        3,
        3,
        3,
        3,
        2,
        1,
        null,
        4,
        2,
        null,
        null,
        null,
        null,
        null,
        null,
        1,
        2,
        2,
        null,
        2,
        null,
        2,
        4,
        2,
        null,
        null,
        null
      ],
      "/Users/tore/Desktop/paramiver/app/models/credit.rb": [
        1,
        1,
        1,
        null,
        null,
        null
      ],
      "/Users/tore/Desktop/paramiver/app/controllers/friends_controller.rb": [
        1,
        null,
        null,
        1,
        null,
        null,
        null,
        1,
        null,
        2,
        null,
        2,
        2,
        2,
        null,
        null,
        null,
        null,
        null,
        1,
        null,
        null,
        1,
        1,
        1,
        1,
        1,
        null,
        null,
        null,
        null,
        null,
        null,
        null,
        null,
        1,
        1,
        null,
        1,
        1,
        1,
        null,
        null,
        null,
        null,
        1,
        0,
        null,
        null,
        null,
        null,
        1,
        2,
        null,
        2,
        2,
        null,
        2,
        1,
        null,
        2,
        1,
        null,
        null,
        null,
        null,
        null,
        null,
        1,
        3,
        null,
        3,
        3,
        2,
        1,
        null,
        4,
        2,
        null,
        null,
        null,
        null,
        null,
        null,
        1,
        null,
        2,
        null,
        2,
        null,
        2,
        2,
        null,
        2,
        null,
        null,
        2,
        4,
        2,
        null,
        null,
        null
      ],
      "/Users/tore/Desktop/paramiver/app/models/friend.rb": [
        1,
        1,
        1,
        1,
        null,
        1,
        null
      ],
      "/Users/tore/Desktop/paramiver/app/controllers/home_controller.rb": [
        1,
        1,
        0,
        null,
        null,
        1,
        0,
        0,
        0,
        0,
        null,
        null,
        1,
        0,
        0,
        0,
        0,
        null,
        null,
        null,
        null
      ],
      "/Users/tore/Desktop/paramiver/app/controllers/mailsender_controller.rb": [
        1,
        1,
        0,
        0,
        0,
        0,
        null,
        null
      ],
      "/Users/tore/Desktop/paramiver/app/controllers/registrations_controller.rb": [
        1,
        1,
        0,
        null,
        0,
        null,
        null,
        1,
        null,
        1,
        0,
        0,
        0,
        0,
        null,
        null,
        null,
        null
      ],
      "/Users/tore/Desktop/paramiver/app/controllers/social_controller.rb": [
        1,
        1,
        0,
        null,
        0,
        0,
        0,
        0,
        0,
        0,
        0,
        null,
        0,
        null,
        null,
        0,
        null,
        0,
        0,
        0,
        0,
        null,
        null,
        null,
        null,
        null,
        0,
        null,
        null,
        null,
        null
      ],
      "/Users/tore/Desktop/paramiver/app/mailers/user_mailer.rb": [
        1,
        1,
        null,
        1,
        0,
        0,
        0,
        0,
        null,
        null
      ]
    },
    "timestamp": 1340983161
  }
}
